Generating plot for k=28 filename=plot.dat id=022fb42c08c12de3a6af053880199806532e79515f94e83461612101f9412f9e


Starting plotting progress into file plot.dat.
Memo: 0102030405
ID: 022fb42c08c12de3a6af053880199806532e79515f94e83461612101f9412f9e
Plot size is: 28

Starting phase 1/4: Forward Propagation...
Wrote: 151
Computing table 1
F1 complete, Time =  51.267 seconds. CPU (89.84%)
Computing table 2 at position 0x8000009f
	Sorting table 1
	Sort time: 151.055 seconds. CPU (52.92%)
	Total matches: 268458174. Per bucket: 954.452
	Computation pass time: 219.545 seconds. CPU (94.27%)
Forward propagation table time: 370.601 seconds. CPU (77.42%)
Computing table 3 at position 0x19005e54e
	Sorting table 2
	Sort time: 450.507 seconds. CPU (37.11%)
	Total matches: 268462792. Per bucket: 954.469
	Computation pass time: 493.209 seconds. CPU (63.08%)
Forward propagation table time: 943.788 seconds. CPU (50.68%)
Computing table 4 at position 0x3100fe826
	Sorting table 3
	Sort time: 657.132 seconds. CPU (34.73%)
	Total matches: 268478272. Per bucket: 954.524
	Computation pass time: 665.058 seconds. CPU (57.39%)
Forward propagation table time: 1322.5 seconds. CPU (46.11%)
Computing table 5 at position 0x4901f963e
	Sorting table 4
	Sort time: 630.471 seconds. CPU (36.15%)
	Total matches: 268529281. Per bucket: 954.705
	Computation pass time: 585.002 seconds. CPU (60.91%)
Forward propagation table time: 1215.66 seconds. CPU (48.06%)
Computing table 6 at position 0x5d03c3866
	Sorting table 5
	Sort time: 547.422 seconds. CPU (36.51%)
	Total matches: 268637170. Per bucket: 955.089
	Computation pass time: 514.227 seconds. CPU (64.27%)
Forward propagation table time: 1061.73 seconds. CPU (49.95%)
Computing table 7 at position 0x6e0708b89
	Sorting table 6
	Sort time: 470.554 seconds. CPU (38.35%)
	Total matches: 268846366. Per bucket: 955.833
	Computation pass time: 398.985 seconds. CPU (68.91%)
Forward propagation table time: 869.552 seconds. CPU (52.37%)
Final plot table begin pointers: 
	Table 1 0x97
	Table 2 0x8000009f
	Table 3 0x19005e54e
	Table 4 0x3100fe826
	Table 5 0x4901f963e
	Table 6 0x5d03c3866
	Table 7 0x6e0708b89
	Table 8 0x790b583de
Time for phase 1 = 5835.84 seconds. CPU (51.26%)

Starting phase 2/4: Backpropagation...
Backpropagating on table 7
	Wrote left entries: 232334820
	Computation pass time: 92.916 seconds. CPU (77.08%)
Total backpropagation time:: 92.916 seconds. CPU (77.08%)
Backpropagating on table 6
	Sorting table 6 starting at 24968444006
	Sort time: 217.386 seconds. CPU (40.68%)
	Wrote left entries: 220940792
	Computation pass time: 144.217 seconds. CPU (49.82%)
Total backpropagation time:: 361.616 seconds. CPU (44.32%)
Backpropagating on table 5
	Sorting table 5 starting at 19597858366
	Sort time: 129.865 seconds. CPU (51.47%)
	Wrote left entries: 216706367
	Computation pass time: 176.758 seconds. CPU (48.63%)
Total backpropagation time:: 306.958 seconds. CPU (49.78%)
Backpropagating on table 4
	Sorting table 4 starting at 13154379814
	Sort time: 185.573 seconds. CPU (42.89%)
	Wrote left entries: 215038289
	Computation pass time: 181.283 seconds. CPU (49.95%)
Total backpropagation time:: 367.076 seconds. CPU (46.35%)
Backpropagating on table 3
	Sorting table 3 starting at 6711272782
	Sort time: 124.24 seconds. CPU (51.9%)
	Wrote left entries: 214367461
	Computation pass time: 170.313 seconds. CPU (42.41%)
Total backpropagation time:: 294.553 seconds. CPU (46.41%)
Backpropagating on table 2
	Sorting table 2 starting at 2147483807
	Sort time: 124.902 seconds. CPU (52.95%)
	Wrote left entries: 214085710
	Computation pass time: 94.495 seconds. CPU (61.75%)
Total backpropagation time:: 219.662 seconds. CPU (56.67%)
Time for phase 2 = 1642.89 seconds. CPU (49.68%)

Starting phase 3/4: Compression...
Wrote: 151
Compressing tables 1 and 2
	First computation pass time: 38.465 seconds. CPU (98.14%)
	Sorting table 2
	Sort time: 115.331 seconds. CPU (73.91%)
	Wrote 214367461 entries
	Second computation pass time: 37.068 seconds. CPU (93.42%)
	Re-Sorting table 2
	Sort time: 69.16 seconds. CPU (77.87%)
Total compress table time: 260.285 seconds. CPU (81.25%)
Compressing tables 2 and 3
	First computation pass time: 70.088 seconds. CPU (58.22%)
	Sorting table 3
	Sort time: 110.481 seconds. CPU (75.97%)
	Wrote 215038289 entries
	Second computation pass time: 36.492 seconds. CPU (92.23%)
	Re-Sorting table 3
	Sort time: 68.047 seconds. CPU (79.5%)
Total compress table time: 285.373 seconds. CPU (74.46%)
Compressing tables 3 and 4
	First computation pass time: 77.659 seconds. CPU (53.02%)
	Sorting table 4
	Sort time: 134.843 seconds. CPU (64.9%)
	Wrote 216706367 entries
	Second computation pass time: 36.504 seconds. CPU (94.07%)
	Re-Sorting table 4
	Sort time: 67.666 seconds. CPU (80.33%)
Total compress table time: 316.929 seconds. CPU (68.59%)
Compressing tables 4 and 5
	First computation pass time: 66.625 seconds. CPU (61.56%)
	Sorting table 5
	Sort time: 104.848 seconds. CPU (82.72%)
	Wrote 220940792 entries
	Second computation pass time: 36.797 seconds. CPU (93.69%)
	Re-Sorting table 5
	Sort time: 73.691 seconds. CPU (76.38%)
Total compress table time: 282.588 seconds. CPU (77.32%)
Compressing tables 5 and 6
	First computation pass time: 72.116 seconds. CPU (59.19%)
	Sorting table 6
	Sort time: 147.786 seconds. CPU (63.85%)
	Wrote 232334820 entries
	Second computation pass time: 39.008 seconds. CPU (93.34%)
	Re-Sorting table 6
	Sort time: 77.748 seconds. CPU (78.28%)
Total compress table time: 336.933 seconds. CPU (69.54%)
Compressing tables 6 and 7
	First computation pass time: 78.802 seconds. CPU (60.8%)
	Sorting table 7
	Sort time: 176.752 seconds. CPU (62.03%)
	Wrote 268846366 entries
	Second computation pass time: 46.494 seconds. CPU (91.11%)
	Re-Sorting table 7
	Sort time: 98.539 seconds. CPU (78.98%)
Total compress table time: 400.944 seconds. CPU (69.27%)
Time for phase 3 = 1883.22 seconds. CPU (72.85%)

Starting phase 4/4: Write Checkpoint tables...
	Starting to write C1 and C3 tables
	Finished writing C1 and C3 tables
	Writing C2 table
	Finished writing C2 table
	Final table pointers:
	P1: 0x97
	P2: 0x30e501f7
	P3: 0x5e94de97
	P4: 0x8c9f66ef
	P5: 0xbb904997
	P6: 0xececd4ab
	P7: 0x1260b384f
	C1: 0x16021fd4f
	C2: 0x16023a167
	C3: 0x16023a177
Time for phase 4 = 22.866 seconds. CPU (97.42%)
Approximate working space used: 30.2611 GB
Final File size: 5.57729 GB
Total time = 9384.81 seconds. CPU (55.43%)
