Filename				Type		Size	Used	Priority
/dev/sda3                               partition	16777212	0	-2
virtual memory          (kbytes, -v) unlimited
max memory size         (kbytes, -m) unlimited
Generating plot for k=28 filename=plot.dat id=022fb42c08c12de3a6af053880199806532e79515f94e83461612101f9412f9e

Starting plotting progress into file plot.dat.
Memo: 0102030405
ID: 022fb42c08c12de3a6af053880199806532e79515f94e83461612101f9412f9e
Plot size is: 28
Max workspace needed is: 36.25 GB
Initial workspace file: plot.dat.tmp, size: 38923141377
Filesystem free space: 198322581504

Starting phase 1/4: Forward Propagation...
WriteHeader:: 151 bytes
Computing table 1
F1 complete, Time =  46.694 seconds. CPU (85.24%)
Computing table 2 at position 0x8000009f
	Sorting table 1
	Sort time: 55.012 seconds. CPU (92.33%)
	Total matches: 268458174. Per bucket: 954.452
	Computation pass time: 193.836 seconds. CPU (93.77%)
Forward propagation table time: 248.848 seconds. CPU (93.45%)
Computing table 3 at position 0x19005e54e
	Sorting table 2
	Sort time: 246.935 seconds. CPU (34.7%)
	Total matches: 268462792. Per bucket: 954.469
	Computation pass time: 235.651 seconds. CPU (80.49%)
Forward propagation table time: 482.586 seconds. CPU (57.06%)
Computing table 4 at position 0x3100fe826
	Sorting table 3
	Sort time: 455.017 seconds. CPU (26.47%)
	Total matches: 268478272. Per bucket: 954.524
	Computation pass time: 271.915 seconds. CPU (70.4%)
Forward propagation table time: 727.044 seconds. CPU (42.9%)
Computing table 5 at position 0x4901f963e
	Sorting table 4
	Sort time: 450.412 seconds. CPU (27.18%)
	Total matches: 268529281. Per bucket: 954.705
	Computation pass time: 264.267 seconds. CPU (72.28%)
Forward propagation table time: 714.68 seconds. CPU (43.86%)
Computing table 6 at position 0x5d03c3866
	Sorting table 5
	Sort time: 372.22 seconds. CPU (29.32%)
	Total matches: 268637170. Per bucket: 955.089
	Computation pass time: 255.826 seconds. CPU (73.78%)
Forward propagation table time: 628.046 seconds. CPU (47.43%)
Computing table 7 at position 0x6e0708b89
	Sorting table 6
	Sort time: 296.27 seconds. CPU (31.41%)
	Total matches: 268846366. Per bucket: 955.833
	Computation pass time: 218.265 seconds. CPU (82.85%)
Forward propagation table time: 514.713 seconds. CPU (53.21%)

Plot tables (begin, entry-len, entry-count, size): 
	Table 1 = [0x97, 8, 268435457, 2147483656]
	Table 2 = [0x8000009f, 17, 268458175, 4563788975]
	Table 3 = [0x19005e54e, 24, 268462793, 6443107032]
	Table 4 = [0x3100fe826, 24, 268478273, 6443478552]
	Table 5 = [0x4901f963e, 20, 268529282, 5370585640]
	Table 6 = [0x5d03c3866, 17, 268637171, 4566831907]
	Table 7 = [0x6e0708b89, 11, 268846367, 2957310037]
	Table 8 = [0x790b583de, 0, 0, 0]
Time for phase 1 = 3362.66 seconds. CPU (51.89%)

Starting phase 2/4: Backpropagation...
Backpropagating on table 7
	Table 6 wrote 232334821 entries
	Computation pass time: 85.548 seconds. CPU (73.76%)
Total backpropagation time:: 85.548 seconds. CPU (73.76%)
Backpropagating on table 6
	Sorting table 6 0x5d03c3866
	Sort time: 153.566 seconds. CPU (37.05%)
	Table 5 wrote 220940793 entries
	Computation pass time: 162.53 seconds. CPU (40.11%)
Total backpropagation time:: 316.509 seconds. CPU (38.57%)
Backpropagating on table 5
	Sorting table 5 0x4901f963e
	Sort time: 88.889 seconds. CPU (54.05%)
	Table 4 wrote 216706368 entries
	Computation pass time: 149.442 seconds. CPU (42.38%)
Total backpropagation time:: 238.406 seconds. CPU (46.72%)
Backpropagating on table 4
	Sorting table 4 0x3100fe826
	Sort time: 99.221 seconds. CPU (47.38%)
	Table 3 wrote 215038290 entries
	Computation pass time: 141.251 seconds. CPU (43.33%)
Total backpropagation time:: 240.473 seconds. CPU (45%)
Backpropagating on table 3
	Sorting table 3 0x19005e54e
	Sort time: 92.213 seconds. CPU (53.28%)
	Table 2 wrote 214367462 entries
	Computation pass time: 113.852 seconds. CPU (51.06%)
Total backpropagation time:: 206.065 seconds. CPU (52.06%)
Backpropagating on table 2
	Sorting table 2 0x8000009f
	Sort time: 106.095 seconds. CPU (49.36%)
	Table 1 wrote 214085711 entries
	Computation pass time: 93.231 seconds. CPU (53.91%)
Total backpropagation time:: 199.327 seconds. CPU (51.49%)
Time for phase 2 = 1286.46 seconds. CPU (47.78%)

Starting phase 3/4: Compression...
WriteHeader:: 151 bytes
Compressing tables 1 and 2
	First computation pass time: 32.168 seconds. CPU (97.03%)
	Sorting table 2 0x8000009f
	Sort time: 93.153 seconds. CPU (84.33%)
	Wrote 214367461 entries
	Second computation pass time: 26.496 seconds. CPU (87.08%)
	Re-Sorting table 2 0x8000009f
	Sort time: 60.22 seconds. CPU (71.62%)
Total compress table time: 212.039 seconds. CPU (82.99%)
Compressing tables 2 and 3
	First computation pass time: 76.572 seconds. CPU (46.83%)
	Sorting table 3 0x19005e54e
	Sort time: 106.912 seconds. CPU (74.63%)
	Wrote 215038289 entries
	Second computation pass time: 26.033 seconds. CPU (88.04%)
	Re-Sorting table 3 0x19005e54e
	Sort time: 71.006 seconds. CPU (63.92%)
Total compress table time: 280.525 seconds. CPU (65.58%)
Compressing tables 3 and 4
	First computation pass time: 73.274 seconds. CPU (47.11%)
	Sorting table 4 0x3100fe826
	Sort time: 130 seconds. CPU (64.38%)
	Wrote 216706367 entries
	Second computation pass time: 26.81 seconds. CPU (86.76%)
	Re-Sorting table 4 0x3100fe826
	Sort time: 81.557 seconds. CPU (53.91%)
Total compress table time: 311.642 seconds. CPU (59.51%)
Compressing tables 4 and 5
	First computation pass time: 61.584 seconds. CPU (55.12%)
	Sorting table 5 0x4901f963e
	Sort time: 110.359 seconds. CPU (73.95%)
	Wrote 220940792 entries
	Second computation pass time: 27.951 seconds. CPU (85.01%)
	Re-Sorting table 5 0x4901f963e
	Sort time: 63.284 seconds. CPU (72.03%)
Total compress table time: 263.18 seconds. CPU (70.26%)
Compressing tables 5 and 6
	First computation pass time: 62.895 seconds. CPU (55.97%)
	Sorting table 6 0x5d03c3866
	Sort time: 104.139 seconds. CPU (84.19%)
	Wrote 232334820 entries
	Second computation pass time: 28.718 seconds. CPU (86.8%)
	Re-Sorting table 6 0x5d03c3866
	Sort time: 73.742 seconds. CPU (68.6%)
Total compress table time: 269.496 seconds. CPU (73.61%)
Compressing tables 6 and 7
	First computation pass time: 73.174 seconds. CPU (53.68%)
	Sorting table 7 0x6e0708b89
	Sort time: 160.687 seconds. CPU (64.86%)
	Wrote 268846366 entries
	Second computation pass time: 32.718 seconds. CPU (87.99%)
	Re-Sorting table 7 0x6e0708b89
	Sort time: 86.965 seconds. CPU (70.86%)
Total compress table time: 353.546 seconds. CPU (66.16%)
Time for phase 3 = 1690.97 seconds. CPU (68.75%)

Starting phase 4/4: Write Checkpoint tables...
	Starting to write C1 and C3 tables
	 * Writing C1 & C3 tables:  18310.044 ms, CPU (86.13 %)
	Finished writing C1 and C3 tables
	Writing C2 table
	Finished writing C2 table
	Final table pointers:
	P1: 0x97
	P2: 0x30e501f7
	P3: 0x5e94de97
	P4: 0x8c9f66ef
	P5: 0xbb904997
	P6: 0xececd4ab
	P7: 0x1260b384f
	C1: 0x16021fd4f
	C2: 0x16023a167
	C3: 0x16023a177
Time for phase 4 = 18.444 seconds. CPU (85.61%)

Approximate working space used: 30.2611 GB
Final file size: 5.57729 GB
Total time = 6358.53 seconds. CPU (55.64%)
Virtual memory used: 36.295 GB
Physical memory used: 5.997 GB
