Generating plot for k=30 filename=plot.dat id=022fb42c08c12de3a6af053880199806532e79515f94e83461612101f9412f9e

Starting plotting progress into file plot.dat.
Memo: 0102030405
ID: 022fb42c08c12de3a6af053880199806532e79515f94e83461612101f9412f9e
Plot size is: 30
Max workspace is: 153.5 GB
Initial workspace file: plot.dat.tmp, size: 164819371162
Filesystem free space: 257443864576

Starting phase 1/4: Forward Propagation...
WriteHeader:: 151 bytes
Computing table 1
F1 complete, Time =  183.017 seconds. CPU (86.54%)
Computing table 2 at 0x2400000a0
	Sorting table 1 at 0x97 using spare at 0x2400000a0
	Sort time: 1120.12 seconds. CPU (31.16%)
	Total matches: 1073741544. Per bucket: 954.374
	Computation pass time: 952.687 seconds. CPU (79.17%)
Forward propagation table time: 2072.86 seconds. CPU (53.22%)
Computing table 3 at 0x6bfffed02
	Sorting table 2 at 0x2400000a0 using spare at 0x6bfffed02
	Sort time: 1496.08 seconds. CPU (36.51%)
	Total matches: 1073737660. Per bucket: 954.37
	Computation pass time: 1100.73 seconds. CPU (69.84%)
Forward propagation table time: 2596.84 seconds. CPU (50.64%)
Computing table 4 at 0xcfffe5677
	Sorting table 3 at 0x6bfffed02 using spare at 0xcfffe5677
	Sort time: 2065.1 seconds. CPU (31.39%)
	Total matches: 1073740794. Per bucket: 954.373
	Computation pass time: 1129.04 seconds. CPU (68.08%)
Forward propagation table time: 3194.19 seconds. CPU (44.36%)
Computing table 5 at 0x133ffdf1fa
	Sorting table 4 at 0xcfffe5677 using spare at 0x133ffdf1fa
	Sort time: 1977.12 seconds. CPU (33.26%)
	Total matches: 1073756996. Per bucket: 954.388
	Computation pass time: 1042.77 seconds. CPU (73.23%)
Forward propagation table time: 3019.93 seconds. CPU (47.06%)
Computing table 6 at 0x188002cea3
	Sorting table 5 at 0x133ffdf1fa using spare at 0x188002cea3
	Sort time: 1776.87 seconds. CPU (33.84%)
	Total matches: 1073787369. Per bucket: 954.415
	Computation pass time: 1084.21 seconds. CPU (70.27%)
Forward propagation table time: 2861.18 seconds. CPU (47.64%)
Computing table 7 at 0x1d000f5117
	Sorting table 6 at 0x188002cea3 using spare at 0x1d000f5117
	Sort time: 1823.82 seconds. CPU (30.84%)
	Total matches: 1073885256. Per bucket: 954.502
	Computation pass time: 978.9 seconds. CPU (75.5%)
Forward propagation table time: 2802.83 seconds. CPU (46.44%)

Plot tables (begin, entry-len, entry-count, size): 
	Table 1: [0x97, 9, 1073741825, 9663676425]
	Table 2: [0x2400000a0, 18, 1073741545, 19327347810]
	Table 3: [0x6bfffed02, 25, 1073737661, 26843441525]
	Table 4: [0xcfffe5677, 25, 1073740795, 26843519875]
	Table 5: [0x133ffdf1fa, 21, 1073756997, 22548896937]
	Table 6: [0x188002cea3, 18, 1073787370, 19328172660]
	Table 7: [0x1d000f5117, 12, 1073885257, 12886623084]
	Table 8: [0x2000299483, 0, 0, 0]
Time for phase 1 = 16731.1 seconds. CPU (48.29%)

Starting phase 2/4: Backpropagation...
Backpropagating on table 7
	Table 6 wrote 928490711 entries
	Computation pass time: 985.106 seconds. CPU (34.12%)
Total backpropagation time:: 985.122 seconds. CPU (34.12%)
Backpropagating on table 6
	Sorting table 6 0x188002cea3
	Sort time: 981.702 seconds. CPU (38.38%)
	Table 5 wrote 883302929 entries
	Computation pass time: 788.744 seconds. CPU (37.26%)
Total backpropagation time:: 1770.49 seconds. CPU (37.88%)
Backpropagating on table 5
	Sorting table 5 0x133ffdf1fa
	Sort time: 847.035 seconds. CPU (42.77%)
	Table 4 wrote 866556304 entries
	Computation pass time: 791.394 seconds. CPU (36.13%)
Total backpropagation time:: 1638.53 seconds. CPU (39.56%)
Backpropagating on table 4
	Sorting table 4 0xcfffe5677
	Sort time: 881.736 seconds. CPU (40.32%)
	Table 3 wrote 859988649 entries
	Computation pass time: 764.877 seconds. CPU (36.73%)
Total backpropagation time:: 1647.04 seconds. CPU (38.64%)
Backpropagating on table 3
	Sorting table 3 0x6bfffed02
	Sort time: 856.15 seconds. CPU (41.07%)
	Table 2 wrote 857370311 entries
	Computation pass time: 601.593 seconds. CPU (42.87%)
Total backpropagation time:: 1457.81 seconds. CPU (41.81%)
Backpropagating on table 2
	Sorting table 2 0x2400000a0
	Sort time: 865.961 seconds. CPU (40.72%)
	Table 1 wrote 856309780 entries
	Computation pass time: 405.318 seconds. CPU (52.78%)
Total backpropagation time:: 1271.43 seconds. CPU (44.56%)
Time for phase 2 = 8770.43 seconds. CPU (39.54%)

Starting phase 3/4: Compression...
WriteHeader:: 151 bytes
Compressing tables 1 and 2
	First computation pass time: 281.812 seconds. CPU (53.16%)
	Sorting table 2 0x2400000a0
	Sort time: 836.319 seconds. CPU (47.19%)
	Wrote 857370310 entries
	Second computation pass time: 263.492 seconds. CPU (41.27%)
	Re-Sorting table 2 0x2400000a0
	Sort time: 825.642 seconds. CPU (40.02%)
Total compress table time: 2207.49 seconds. CPU (44.56%)
Compressing tables 2 and 3
	First computation pass time: 303.6 seconds. CPU (51.3%)
	Sorting table 3 0x6bfffed02
	Sort time: 849.035 seconds. CPU (45.46%)
	Wrote 859988648 entries
	Second computation pass time: 289.834 seconds. CPU (38.41%)
	Re-Sorting table 3 0x6bfffed02
	Sort time: 903.027 seconds. CPU (36.96%)
Total compress table time: 2345.69 seconds. CPU (42.07%)
Compressing tables 3 and 4
	First computation pass time: 349.556 seconds. CPU (46.12%)
	Sorting table 4 0xcfffe5677
	Sort time: 758.65 seconds. CPU (51.11%)
	Wrote 866556303 entries
	Second computation pass time: 257.867 seconds. CPU (41.8%)
	Re-Sorting table 4 0xcfffe5677
	Sort time: 955.802 seconds. CPU (35.41%)
Total compress table time: 2322.12 seconds. CPU (42.86%)
Compressing tables 4 and 5
	First computation pass time: 348.854 seconds. CPU (47.12%)
	Sorting table 5 0x133ffdf1fa
	Sort time: 808.997 seconds. CPU (48.99%)
	Wrote 883302928 entries
	Second computation pass time: 264.242 seconds. CPU (41.87%)
	Re-Sorting table 5 0x133ffdf1fa
	Sort time: 920.6 seconds. CPU (37.32%)
Total compress table time: 2342.84 seconds. CPU (43.32%)
Compressing tables 5 and 6
	First computation pass time: 428.778 seconds. CPU (41.85%)
	Sorting table 6 0x188002cea3
	Sort time: 924.995 seconds. CPU (46.08%)
	Wrote 928490710 entries
	Second computation pass time: 276.918 seconds. CPU (41.93%)
	Re-Sorting table 6 0x188002cea3
	Sort time: 1026.32 seconds. CPU (36.4%)
Total compress table time: 2657.09 seconds. CPU (41.23%)
Compressing tables 6 and 7
	First computation pass time: 584.783 seconds. CPU (34.33%)
	Sorting table 7 0x1d000f5117
	Sort time: 1279.8 seconds. CPU (43.54%)
	Wrote 1073885256 entries
	Second computation pass time: 410.552 seconds. CPU (34.31%)
	Re-Sorting table 7 0x1d000f5117
	Sort time: 1300.98 seconds. CPU (33.98%)
Total compress table time: 3576.18 seconds. CPU (37.5%)
Time for phase 3 = 15451.8 seconds. CPU (41.53%)

Starting phase 4/4: Write Checkpoint tables...
	Starting to write C1 and C3 tables
	 * Writing C1 & C3 tables:  205266.121 ms, CPU (42.19 %)
	Finished writing C1 and C3 tables
	Writing C2 table
	Finished writing C2 table
	Final table pointers:
	P1: 0x97
	P2: 0xd05b0abb
	P3: 0x193e840bc
	P4: 0x258f3cae0
	P5: 0x321ce2b39
	P6: 0x3f4eef282
	P7: 0x4e91f6965
	C1: 0x5e1280265
	C2: 0x5e12e905d
	C3: 0x5e12e908d
Time for phase 4 = 205.443 seconds. CPU (42.15%)

Approximate working space used: 128.003 GB
Final file size: 23.8185 GB
Total time = 41158.7 seconds. CPU (43.86%)
Virtual memory used: 155.530 GB
Physical memory used: 8.874 GB
