Generating plot for k=27 filename=plot.dat id=022fb42c08c12de3a6af053880199806532e79515f94e83461612101f9412f9e


Starting plotting progress into file plot.dat.
Memo: 0102030405
ID: 022fb42c08c12de3a6af053880199806532e79515f94e83461612101f9412f9e
Plot size is: 27

Starting phase 1/4: Forward Propagation...
Wrote: 151
Computing table 1
F1 complete, Time =  25.067 seconds. CPU (90.49%)
Computing table 2 at position 0x4000009f
	Sorting table 1
	Sort time: 28.504 seconds. CPU (97.72%)
	Total matches: 134231882. Per bucket: 954.469
	Computation pass time: 105.454 seconds. CPU (96.88%)
Forward propagation table time: 133.96 seconds. CPU (97.06%)
Computing table 3 at position 0xc003754f
	Sorting table 2
	Sort time: 50.36 seconds. CPU (81.53%)
	Total matches: 134256424. Per bucket: 954.643
	Computation pass time: 110.758 seconds. CPU (96.35%)
Forward propagation table time: 161.119 seconds. CPU (91.72%)
Computing table 4 at position 0x1781109fe
	Sorting table 3
	Sort time: 133.938 seconds. CPU (42.16%)
	Total matches: 134293716. Per bucket: 954.909
	Computation pass time: 102.793 seconds. CPU (98.39%)
Forward propagation table time: 236.731 seconds. CPU (66.58%)
Computing table 5 at position 0x2302bb521
	Sorting table 4
	Sort time: 156.108 seconds. CPU (37.36%)
	Total matches: 134361284. Per bucket: 955.389
	Computation pass time: 103.519 seconds. CPU (98.02%)
Forward propagation table time: 259.627 seconds. CPU (61.55%)
Computing table 6 at position 0x2c85553c0
	Sorting table 5
	Sort time: 84.846 seconds. CPU (57.31%)
	Total matches: 134488935. Per bucket: 956.297
	Computation pass time: 122.978 seconds. CPU (87.55%)
Forward propagation table time: 207.825 seconds. CPU (75.2%)
Computing table 7 at position 0x348978a40
	Sorting table 6
	Sort time: 109.288 seconds. CPU (44.57%)
	Total matches: 134782888. Per bucket: 958.387
	Computation pass time: 100.462 seconds. CPU (97.25%)
Forward propagation table time: 209.75 seconds. CPU (69.8%)
Final plot table begin pointers: 
	Table 1 0x97
	Table 2 0x4000009f
	Table 3 0xc003754f
	Table 4 0x1781109fe
	Table 5 0x2302bb521
	Table 6 0x2c85553c0
	Table 7 0x348978a40
	Table 8 0x3a0f66683
Time for phase 1 = 1234.14 seconds. CPU (74.59%)

Starting phase 2/4: Backpropagation...
Backpropagating on table 7
	Wrote left entries: 116363595
	Computation pass time: 32.606 seconds. CPU (96.63%)
Total backpropagation time:: 32.606 seconds. CPU (96.63%)
Backpropagating on table 6
	Sorting table 6 starting at 11950969792
	Sort time: 30.999 seconds. CPU (86.97%)
	Wrote left entries: 110591898
	Computation pass time: 42.318 seconds. CPU (68.54%)
Total backpropagation time:: 73.317 seconds. CPU (76.33%)
Backpropagating on table 5
	Sorting table 5 starting at 9398105377
	Sort time: 25.283 seconds. CPU (96.39%)
	Wrote left entries: 108425657
	Computation pass time: 72.417 seconds. CPU (43.32%)
Total backpropagation time:: 97.7 seconds. CPU (57.05%)
Backpropagating on table 4
	Sorting table 4 starting at 6309349886
	Sort time: 25.127 seconds. CPU (94.22%)
	Wrote left entries: 107561559
	Computation pass time: 55.556 seconds. CPU (53.31%)
Total backpropagation time:: 80.683 seconds. CPU (66.05%)
Backpropagating on table 3
	Sorting table 3 starting at 3221452111
	Sort time: 27.598 seconds. CPU (86.69%)
	Wrote left entries: 107198977
	Computation pass time: 54.973 seconds. CPU (52.67%)
Total backpropagation time:: 82.572 seconds. CPU (64.04%)
Backpropagating on table 2
	Sorting table 2 starting at 1073741983
	Sort time: 28.642 seconds. CPU (89.69%)
	Wrote left entries: 107048978
	Computation pass time: 46.17 seconds. CPU (56.85%)
Total backpropagation time:: 74.813 seconds. CPU (69.42%)
Time for phase 2 = 441.731 seconds. CPU (68.22%)

Starting phase 3/4: Compression...
Wrote: 151
Compressing tables 1 and 2
	First computation pass time: 16.548 seconds. CPU (98.68%)
	Sorting table 2
	Sort time: 28.734 seconds. CPU (99.96%)
	Wrote 107198977 entries
	Second computation pass time: 16.54 seconds. CPU (88.32%)
	Re-Sorting table 2
	Sort time: 26.963 seconds. CPU (83.92%)
Total compress table time: 88.786 seconds. CPU (92.68%)
Compressing tables 2 and 3
	First computation pass time: 17.201 seconds. CPU (95%)
	Sorting table 3
	Sort time: 28.801 seconds. CPU (99.97%)
	Wrote 107561559 entries
	Second computation pass time: 16.371 seconds. CPU (88.35%)
	Re-Sorting table 3
	Sort time: 26.556 seconds. CPU (83.94%)
Total compress table time: 88.93 seconds. CPU (92.08%)
Compressing tables 3 and 4
	First computation pass time: 19.598 seconds. CPU (84.39%)
	Sorting table 4
	Sort time: 29.15 seconds. CPU (99.99%)
	Wrote 108425657 entries
	Second computation pass time: 17.074 seconds. CPU (85.93%)
	Re-Sorting table 4
	Sort time: 26.891 seconds. CPU (84.32%)
Total compress table time: 92.715 seconds. CPU (89.56%)
Compressing tables 4 and 5
	First computation pass time: 39.868 seconds. CPU (45.56%)
	Sorting table 5
	Sort time: 29.75 seconds. CPU (99.99%)
	Wrote 110591898 entries
	Second computation pass time: 17.33 seconds. CPU (86.72%)
	Re-Sorting table 5
	Sort time: 37.979 seconds. CPU (62.51%)
Total compress table time: 124.929 seconds. CPU (69.38%)
Compressing tables 5 and 6
	First computation pass time: 31.431 seconds. CPU (59.59%)
	Sorting table 6
	Sort time: 33.295 seconds. CPU (95.04%)
	Wrote 116363595 entries
	Second computation pass time: 18.501 seconds. CPU (84.77%)
	Re-Sorting table 6
	Sort time: 34.844 seconds. CPU (74.83%)
Total compress table time: 118.073 seconds. CPU (78.03%)
Compressing tables 6 and 7
	First computation pass time: 37.388 seconds. CPU (57.35%)
	Sorting table 7
	Sort time: 40.076 seconds. CPU (92.02%)
	Wrote 134782888 entries
	Second computation pass time: 21.625 seconds. CPU (84.18%)
	Re-Sorting table 7
	Sort time: 43.086 seconds. CPU (77.21%)
Total compress table time: 142.176 seconds. CPU (77.22%)
Time for phase 3 = 655.699 seconds. CPU (81.72%)

Starting phase 4/4: Write Checkpoint tables...
	Starting to write C1 and C3 tables
	Finished writing C1 and C3 tables
	Writing C2 table
	Finished writing C2 table
	Final table pointers:
	P1: 0x97
	P2: 0x17a6fe2f
	P3: 0x2db41a53
	P4: 0x43ee920f
	P5: 0x5a9aa5cf
	P6: 0x7275b81b
	P7: 0x8e17626b
	C1: 0xaa35926b
	C2: 0xaa36650b
	C3: 0xaa366517
Time for phase 4 = 11.434 seconds. CPU (91.6%)
Approximate working space used: 14.515 GB
Final File size: 2.69723 GB
Total time = 2343.01 seconds. CPU (75.47%)
