Generating plot for k=25 filename=plot.dat id=022fb42c08c12de3a6af053880199806532e79515f94e83461612101f9412f9e

Starting plotting progress into file plot.dat.
Memo: 0102030405
ID: 022fb42c08c12de3a6af053880199806532e79515f94e83461612101f9412f9e
Plot size is: 25
Max workspace is: 4.5 GB
Initial workspace file: plot.dat.tmp, size: 4831839361
Filesystem free space: 257395802112

Starting phase 1/4: Forward Propagation...
WriteHeader:: 151 bytes
Computing table 1
F1 complete, Time =  5.107 seconds. CPU (99.97%)
Computing table 2 at 0xe00009e
	Sorting table 1 at 0x97 using spare at 0xe00009e
	Sort time: 2.809 seconds. CPU (99.94%)
	Total matches: 33549025. Per bucket: 954.194
	Computation pass time: 24.825 seconds. CPU (96.5%)
Forward propagation table time: 27.635 seconds. CPU (96.85%)
Computing table 3 at 0x2bfec3dc
	Sorting table 2 at 0xe00009e using spare at 0x2bfec3dc
	Sort time: 3.247 seconds. CPU (99.97%)
	Total matches: 33542321. Per bucket: 954.003
	Computation pass time: 26.959 seconds. CPU (92.62%)
Forward propagation table time: 30.206 seconds. CPU (93.41%)
Computing table 4 at 0x55fae276
	Sorting table 3 at 0x2bfec3dc using spare at 0x55fae276
	Sort time: 3.429 seconds. CPU (99.98%)
	Total matches: 33521382. Per bucket: 953.408
	Computation pass time: 25.813 seconds. CPU (95.55%)
Forward propagation table time: 29.243 seconds. CPU (96.07%)
Computing table 5 at 0x7ff04b69
	Sorting table 4 at 0x55fae276 using spare at 0x7ff04b69
	Sort time: 3.411 seconds. CPU (99.99%)
	Total matches: 33479330. Per bucket: 952.212
	Computation pass time: 27.167 seconds. CPU (91.34%)
Forward propagation table time: 30.578 seconds. CPU (92.31%)
Computing table 6 at 0xa3dbaadf
	Sorting table 5 at 0x7ff04b69 using spare at 0xa3dbaadf
	Sort time: 3.235 seconds. CPU (99.98%)
	Total matches: 33405462. Per bucket: 950.111
	Computation pass time: 25.301 seconds. CPU (95.38%)
Forward propagation table time: 28.536 seconds. CPU (95.9%)
Computing table 7 at 0xc1b99238
	Sorting table 6 at 0xa3dbaadf using spare at 0xc1b99238
	Sort time: 3.184 seconds. CPU (99.99%)
	Total matches: 33251891. Per bucket: 945.743
	Computation pass time: 24.43 seconds. CPU (95.22%)
Forward propagation table time: 27.614 seconds. CPU (95.77%)

Plot tables (begin, entry-len, entry-count, size): 
	Table 1: [0x97, 7, 33554433, 234881031]
	Table 2: [0xe00009e, 15, 33549026, 503235390]
	Table 3: [0x2bfec3dc, 21, 33542322, 704388762]
	Table 4: [0x55fae276, 21, 33521383, 703949043]
	Table 5: [0x7ff04b69, 18, 33479331, 602627958]
	Table 6: [0xa3dbaadf, 15, 33405463, 501081945]
	Table 7: [0xc1b99238, 10, 33251892, 332518920]
	Table 8: [0xd58b6840, 0, 0, 0]
Time for phase 1 = 178.923 seconds. CPU (95.13%)

Starting phase 2/4: Backpropagation...
Backpropagating on table 7
	Table 6 wrote 28842866 entries
	Computation pass time: 8.67 seconds. CPU (96.63%)
Total backpropagation time:: 8.67 seconds. CPU (96.63%)
Backpropagating on table 6
	Sorting table 6 0xa3dbaadf
	Sort time: 4.053 seconds. CPU (99.97%)
	Table 5 wrote 27500241 entries
	Computation pass time: 7.597 seconds. CPU (99.98%)
Total backpropagation time:: 11.651 seconds. CPU (99.97%)
Backpropagating on table 5
	Sorting table 5 0x7ff04b69
	Sort time: 3.752 seconds. CPU (91.33%)
	Table 4 wrote 27022760 entries
	Computation pass time: 7.816 seconds. CPU (95.82%)
Total backpropagation time:: 11.569 seconds. CPU (94.35%)
Backpropagating on table 4
	Sorting table 4 0x55fae276
	Sort time: 3.226 seconds. CPU (100.02%)
	Table 3 wrote 26845477 entries
	Computation pass time: 7.39 seconds. CPU (99.99%)
Total backpropagation time:: 10.617 seconds. CPU (99.99%)
Backpropagating on table 3
	Sorting table 3 0x2bfec3dc
	Sort time: 3.314 seconds. CPU (96.25%)
	Table 2 wrote 26779382 entries
	Computation pass time: 7.635 seconds. CPU (95.94%)
Total backpropagation time:: 10.95 seconds. CPU (96.03%)
Backpropagating on table 2
	Sorting table 2 0xe00009e
	Sort time: 3.154 seconds. CPU (99.96%)
	Table 1 wrote 26755294 entries
	Computation pass time: 6.667 seconds. CPU (98.87%)
Total backpropagation time:: 9.821 seconds. CPU (99.22%)
Time for phase 2 = 63.28 seconds. CPU (97.68%)

Starting phase 3/4: Compression...
WriteHeader:: 151 bytes
Compressing tables 1 and 2
	First computation pass time: 4.3 seconds. CPU (99.3%)
	Sorting table 2 0xe00009e
	Sort time: 6.657 seconds. CPU (99.99%)
	Wrote 26779381 entries
	Second computation pass time: 3.513 seconds. CPU (99.06%)
	Re-Sorting table 2 0xe00009e
	Sort time: 1.69 seconds. CPU (100%)
Total compress table time: 16.162 seconds. CPU (99.59%)
Compressing tables 2 and 3
	First computation pass time: 4.363 seconds. CPU (99.97%)
	Sorting table 3 0x2bfec3dc
	Sort time: 6.618 seconds. CPU (99.95%)
	Wrote 26845476 entries
	Second computation pass time: 3.28 seconds. CPU (99.97%)
	Re-Sorting table 3 0x2bfec3dc
	Sort time: 1.702 seconds. CPU (100.04%)
Total compress table time: 15.965 seconds. CPU (99.96%)
Compressing tables 3 and 4
	First computation pass time: 4.389 seconds. CPU (99.99%)
	Sorting table 4 0x55fae276
	Sort time: 6.599 seconds. CPU (99.99%)
	Wrote 27022759 entries
	Second computation pass time: 3.307 seconds. CPU (99.96%)
	Re-Sorting table 4 0x55fae276
	Sort time: 1.706 seconds. CPU (100.02%)
Total compress table time: 16.002 seconds. CPU (99.98%)
Compressing tables 4 and 5
	First computation pass time: 4.465 seconds. CPU (100%)
	Sorting table 5 0x7ff04b69
	Sort time: 6.782 seconds. CPU (100%)
	Wrote 27500240 entries
	Second computation pass time: 3.486 seconds. CPU (99.91%)
	Re-Sorting table 5 0x7ff04b69
	Sort time: 1.782 seconds. CPU (100.04%)
Total compress table time: 16.517 seconds. CPU (99.97%)
Compressing tables 5 and 6
	First computation pass time: 4.627 seconds. CPU (100.01%)
	Sorting table 6 0xa3dbaadf
	Sort time: 7.157 seconds. CPU (99.99%)
	Wrote 28842865 entries
	Second computation pass time: 3.882 seconds. CPU (91.74%)
	Re-Sorting table 6 0xa3dbaadf
	Sort time: 1.821 seconds. CPU (99.99%)
Total compress table time: 17.489 seconds. CPU (98.15%)
Compressing tables 6 and 7
	First computation pass time: 5.232 seconds. CPU (99.98%)
	Sorting table 7 0xc1b99238
	Sort time: 8.421 seconds. CPU (96.75%)
	Wrote 33251891 entries
	Second computation pass time: 4.439 seconds. CPU (92.92%)
	Re-Sorting table 7 0xc1b99238
	Sort time: 3.086 seconds. CPU (100.02%)
Total compress table time: 21.18 seconds. CPU (97.21%)
Time for phase 3 = 103.319 seconds. CPU (99.03%)

Starting phase 4/4: Write Checkpoint tables...
	Starting to write C1 and C3 tables
	 * Writing C1 & C3 tables:  2089.826 ms, CPU (99.97 %)
	Finished writing C1 and C3 tables
	Writing C2 table
	Finished writing C2 table
	Final table pointers:
	P1: 0x97
	P2: 0x582a2ef
	P3: 0xa9d6a78
	P4: 0xfc0c4af
	P5: 0x14fb58f3
	P6: 0x1a775207
	P7: 0x20c9eaa8
	C1: 0x273afca8
	C2: 0x273b30a4
	C3: 0x273b30ac
Time for phase 4 = 2.089 seconds. CPU (100.01%)

Approximate working space used: 3.33663 GB
Final file size: 0.62228 GB
Total time = 347.612 seconds. CPU (96.79%)
Virtual memory used: 2.015 GB
Physical memory used: 2.013 GB
